<?xml version="1.0" encoding="utf-8" standalone="no"?>
<test-run id="0" runstate="Runnable" testcasecount="6" result="Passed" total="6" passed="6" failed="0" inconclusive="0" skipped="0" asserts="12" engine-version="3.11.1.0" clr-version="4.0.30319.42000" start-time="2020-12-04 12:00:33Z" end-time="2020-12-04 12:02:18Z" duration="105.233143">
  <command-line><![CDATA["C:\Kang\SENG8040\Project\VehicleSalesProject\used-vehicle-sale\Group2UsedVehicleSaleTestProject\packages\NUnit.ConsoleRunner.3.11.1\tools\nunit3-console.exe" Used_Vehicle_Console_GUI.dll  --wait --inprocess]]></command-line>
  <test-suite type="Assembly" id="0-1007" name="Used_Vehicle_Console_GUI.dll" fullname="C:\Kang\SENG8040\Project\VehicleSalesProject\used-vehicle-sale\Used_Vehicle_Console_GUI\bin\Debug\Used_Vehicle_Console_GUI.dll" runstate="Runnable" testcasecount="6" result="Passed" start-time="2020-12-04 12:00:33Z" end-time="2020-12-04 12:02:18Z" duration="104.989170" total="6" passed="6" failed="0" warnings="0" inconclusive="0" skipped="0" asserts="12">
    <environment framework-version="3.12.0.0" clr-version="4.0.30319.42000" os-version="Microsoft Windows NT 10.0.18363" platform="Win32NT" cwd="C:\Kang\SENG8040\Project\VehicleSalesProject\used-vehicle-sale\Used_Vehicle_Console_GUI\bin\Debug" machine-name="KANG-TUF" user="tomya" user-domain="KANG-TUF" culture="en-US" uiculture="en-US" os-architecture="x64" />
    <settings>
      <setting name="ProcessModel" value="InProcess" />
      <setting name="DisposeRunners" value="True" />
      <setting name="WorkDirectory" value="C:\Kang\SENG8040\Project\VehicleSalesProject\used-vehicle-sale\Used_Vehicle_Console_GUI\bin\Debug" />
      <setting name="ImageRuntimeVersion" value="4.0.30319" />
      <setting name="ImageTargetFrameworkName" value=".NETFramework,Version=v4.7.2" />
      <setting name="ImageRequiresX86" value="False" />
      <setting name="ImageRequiresDefaultAppDomainAssemblyResolver" value="False" />
      <setting name="RuntimeFramework" value="net-4.0" />
      <setting name="NumberOfTestWorkers" value="16" />
    </settings>
    <properties>
      <property name="_PID" value="9100" />
      <property name="_APPDOMAIN" value="domain-" />
    </properties>
    <test-suite type="TestSuite" id="0-1008" name="Group2UsedVehicleSaleTestProject" fullname="Group2UsedVehicleSaleTestProject" runstate="Runnable" testcasecount="6" result="Passed" start-time="2020-12-04 12:00:33Z" end-time="2020-12-04 12:02:18Z" duration="104.975307" total="6" passed="6" failed="0" warnings="0" inconclusive="0" skipped="0" asserts="12">
      <test-suite type="TestFixture" id="0-1000" name="UsedVehicleSaleAppTests" fullname="Group2UsedVehicleSaleTestProject.UsedVehicleSaleAppTests" classname="Group2UsedVehicleSaleTestProject.UsedVehicleSaleAppTests" runstate="Runnable" testcasecount="6" result="Passed" start-time="2020-12-04 12:00:33Z" end-time="2020-12-04 12:02:18Z" duration="104.971653" total="6" passed="6" failed="0" warnings="0" inconclusive="0" skipped="0" asserts="12">
        <test-case id="0-1003" name="InvalidAddress" fullname="Group2UsedVehicleSaleTestProject.UsedVehicleSaleAppTests.InvalidAddress" methodname="InvalidAddress" classname="Group2UsedVehicleSaleTestProject.UsedVehicleSaleAppTests" runstate="Runnable" seed="1801109057" result="Passed" start-time="2020-12-04 12:00:33Z" end-time="2020-12-04 12:00:38Z" duration="5.115547" asserts="1" />
        <test-case id="0-1004" name="InvalidEmail" fullname="Group2UsedVehicleSaleTestProject.UsedVehicleSaleAppTests.InvalidEmail" methodname="InvalidEmail" classname="Group2UsedVehicleSaleTestProject.UsedVehicleSaleAppTests" runstate="Runnable" seed="187930726" result="Passed" start-time="2020-12-04 12:00:38Z" end-time="2020-12-04 12:00:43Z" duration="4.738461" asserts="1" />
        <test-case id="0-1002" name="InvalidPhoneNumber" fullname="Group2UsedVehicleSaleTestProject.UsedVehicleSaleAppTests.InvalidPhoneNumber" methodname="InvalidPhoneNumber" classname="Group2UsedVehicleSaleTestProject.UsedVehicleSaleAppTests" runstate="Runnable" seed="1613080698" result="Passed" start-time="2020-12-04 12:00:43Z" end-time="2020-12-04 12:00:48Z" duration="4.682551" asserts="1" />
        <test-case id="0-1006" name="LoadAddVehiclePage_CompleteForm_GenerateCorrectJDPowerLinkForVehicle" fullname="Group2UsedVehicleSaleTestProject.UsedVehicleSaleAppTests.LoadAddVehiclePage_CompleteForm_GenerateCorrectJDPowerLinkForVehicle" methodname="LoadAddVehiclePage_CompleteForm_GenerateCorrectJDPowerLinkForVehicle" classname="Group2UsedVehicleSaleTestProject.UsedVehicleSaleAppTests" runstate="Runnable" seed="404777773" result="Passed" start-time="2020-12-04 12:00:48Z" end-time="2020-12-04 12:02:09Z" duration="81.573427" asserts="1" />
        <test-case id="0-1005" name="LoadAddVehiclePage_LeaveFieldsBlankAndSubmit_DisplayRequiredErrorsForAllFields" fullname="Group2UsedVehicleSaleTestProject.UsedVehicleSaleAppTests.LoadAddVehiclePage_LeaveFieldsBlankAndSubmit_DisplayRequiredErrorsForAllFields" methodname="LoadAddVehiclePage_LeaveFieldsBlankAndSubmit_DisplayRequiredErrorsForAllFields" classname="Group2UsedVehicleSaleTestProject.UsedVehicleSaleAppTests" runstate="Runnable" seed="298623311" result="Passed" start-time="2020-12-04 12:02:09Z" end-time="2020-12-04 12:02:14Z" duration="4.633056" asserts="8" />
        <test-case id="0-1001" name="LoadHomePage_Wait10Seconds_CorrectTitleAppears" fullname="Group2UsedVehicleSaleTestProject.UsedVehicleSaleAppTests.LoadHomePage_Wait10Seconds_CorrectTitleAppears" methodname="LoadHomePage_Wait10Seconds_CorrectTitleAppears" classname="Group2UsedVehicleSaleTestProject.UsedVehicleSaleAppTests" runstate="Runnable" seed="477826144" result="Passed" start-time="2020-12-04 12:02:14Z" end-time="2020-12-04 12:02:18Z" duration="4.220724" asserts="0" />
      </test-suite>
    </test-suite>
  </test-suite>
</test-run>